[debug] [2021-08-26T07:43:28.361Z] ----------------------------------------------------------------------
[debug] [2021-08-26T07:43:28.363Z] Command:       /usr/local/bin/node /usr/local/bin/firebase init
[debug] [2021-08-26T07:43:28.364Z] CLI Version:   9.16.0
[debug] [2021-08-26T07:43:28.364Z] Platform:      darwin
[debug] [2021-08-26T07:43:28.364Z] Node Version:  v14.17.0
[debug] [2021-08-26T07:43:28.365Z] Time:          Thu Aug 26 2021 13:13:28 GMT+0530 (India Standard Time)
[debug] [2021-08-26T07:43:28.365Z] ----------------------------------------------------------------------
[debug] 
[debug] [2021-08-26T07:43:28.369Z] >>> [apiv2][query] GET https://firebase-public.firebaseio.com/cli.json [none]
[debug] [2021-08-26T07:43:28.454Z] > command requires scopes: ["email","openid","https://www.googleapis.com/auth/cloudplatformprojects.readonly","https://www.googleapis.com/auth/firebase","https://www.googleapis.com/auth/cloud-platform"]
[debug] [2021-08-26T07:43:28.454Z] > authorizing via signed-in user (bhakti.autotech@gmail.com)
[info] 
     ######## #### ########  ######## ########     ###     ######  ########
     ##        ##  ##     ## ##       ##     ##  ##   ##  ##       ##
     ######    ##  ########  ######   ########  #########  ######  ######
     ##        ##  ##    ##  ##       ##     ## ##     ##       ## ##
     ##       #### ##     ## ######## ########  ##     ##  ######  ########

You're about to initialize a Firebase project in this directory:

  /Users/shefaliagarwal/Documents/GitHub/Colive-Property-Suggestion-UI

Before we get started, keep in mind:

  * You are initializing within an existing Firebase project directory

[debug] [2021-08-26T07:43:29.676Z] <<< [apiv2][status] GET https://firebase-public.firebaseio.com/cli.json 200
[debug] [2021-08-26T07:43:29.676Z] <<< [apiv2][body] GET https://firebase-public.firebaseio.com/cli.json {"cloudBuildErrorAfter":1594252800000,"cloudBuildWarnAfter":1590019200000,"defaultNode10After":1594252800000,"minVersion":"3.0.5","node8DeploysDisabledAfter":1613390400000,"node8RuntimeDisabledAfter":1615809600000,"node8WarnAfter":1600128000000}
